2015-06-18 09:00:38 INFO  GameControll:24 - verifyAndSet (2 , 0)
2015-06-18 09:00:38 INFO  Game:83 - false
2015-06-18 09:00:38 ERROR Game:108 - Zla pozycja
2015-06-18 09:00:39 INFO  GameControll:41 - verifyAndCheckMove (3 , 1)
2015-06-18 09:00:39 INFO  GameControll:24 - verifyAndSet (5 , 1)
2015-06-18 09:00:39 INFO  Game:83 - false
2015-06-18 09:00:39 INFO  GameControll:41 - verifyAndCheckMove (4 , 0)
2015-06-18 09:00:39 INFO  Game:65 - checkMove 5
2015-06-18 09:00:39 INFO  Board:58 - Zmiana pozycji wiersz 5
2015-06-18 09:00:39 INFO  Board:60 - Zmiana pozycji kolumna 1
2015-06-18 09:00:39 INFO  Board:66 - Nowa pozycja pionka (4 , 0 ) 
2015-06-18 09:00:41 INFO  GameControll:24 - verifyAndSet (2 , 6)
2015-06-18 09:00:41 INFO  Game:83 - false
2015-06-18 09:00:41 INFO  GameControll:41 - verifyAndCheckMove (3 , 7)
2015-06-18 09:00:41 INFO  Game:65 - checkMove 2
2015-06-18 09:00:41 INFO  Board:58 - Zmiana pozycji wiersz 2
2015-06-18 09:00:41 INFO  Board:60 - Zmiana pozycji kolumna 6
2015-06-18 09:00:41 INFO  Board:66 - Nowa pozycja pionka (3 , 7 ) 
2015-06-18 09:00:42 INFO  GameControll:24 - verifyAndSet (5 , 5)
2015-06-18 09:00:42 INFO  Game:83 - false
2015-06-18 09:00:42 INFO  GameControll:41 - verifyAndCheckMove (4 , 4)
2015-06-18 09:00:42 INFO  Game:65 - checkMove 5
2015-06-18 09:00:42 INFO  Board:58 - Zmiana pozycji wiersz 5
2015-06-18 09:00:42 INFO  Board:60 - Zmiana pozycji kolumna 5
2015-06-18 09:00:42 INFO  Board:66 - Nowa pozycja pionka (4 , 4 ) 
2015-06-18 09:00:43 INFO  GameControll:24 - verifyAndSet (5 , 3)
2015-06-18 09:00:43 INFO  Game:83 - false
2015-06-18 09:00:43 ERROR Game:108 - Zla pozycja
2015-06-18 09:00:44 INFO  GameControll:41 - verifyAndCheckMove (4 , 2)
